Start testing: Mar 29 23:37 PDT
----------------------------------------------------------
1/9 Testing: Runs
1/9 Test: Runs
Command: "/Users/liamhurt/code/CC-CppCourse/SlotMachine/build/slot_machine" "25"
Directory: /Users/liamhurt/code/CC-CppCourse/SlotMachine/build
"Runs" start time: Mar 29 23:37 PDT
Output:
----------------------------------------------------------
The square root of 25 is 5
<end of output>
Test time =   0.00 sec
----------------------------------------------------------
Test Passed.
"Runs" end time: Mar 29 23:37 PDT
"Runs" time elapsed: 00:00:00
----------------------------------------------------------

2/9 Testing: Usage
2/9 Test: Usage
Command: "/Users/liamhurt/code/CC-CppCourse/SlotMachine/build/slot_machine"
Directory: /Users/liamhurt/code/CC-CppCourse/SlotMachine/build
"Usage" start time: Mar 29 23:37 PDT
Output:
----------------------------------------------------------
/Users/liamhurt/code/CC-CppCourse/SlotMachine/build/slot_machine Version 0.1
Usage: /Users/liamhurt/code/CC-CppCourse/SlotMachine/build/slot_machine number
<end of output>
Test time =   0.00 sec
----------------------------------------------------------
Test Pass Reason:
Required regular expression found.Regex=[Usage:.*number
]
"Usage" end time: Mar 29 23:37 PDT
"Usage" time elapsed: 00:00:00
----------------------------------------------------------

3/9 Testing: Comp4
3/9 Test: Comp4
Command: "/Users/liamhurt/code/CC-CppCourse/SlotMachine/build/slot_machine" "4"
Directory: /Users/liamhurt/code/CC-CppCourse/SlotMachine/build
"Comp4" start time: Mar 29 23:37 PDT
Output:
----------------------------------------------------------
The square root of 4 is 2
<end of output>
Test time =   0.01 sec
----------------------------------------------------------
Test Pass Reason:
Required regular expression found.Regex=[4 is 2
]
"Comp4" end time: Mar 29 23:37 PDT
"Comp4" time elapsed: 00:00:00
----------------------------------------------------------

4/9 Testing: Comp9
4/9 Test: Comp9
Command: "/Users/liamhurt/code/CC-CppCourse/SlotMachine/build/slot_machine" "9"
Directory: /Users/liamhurt/code/CC-CppCourse/SlotMachine/build
"Comp9" start time: Mar 29 23:37 PDT
Output:
----------------------------------------------------------
The square root of 9 is 3
<end of output>
Test time =   0.00 sec
----------------------------------------------------------
Test Pass Reason:
Required regular expression found.Regex=[9 is 3
]
"Comp9" end time: Mar 29 23:37 PDT
"Comp9" time elapsed: 00:00:00
----------------------------------------------------------

5/9 Testing: Comp5
5/9 Test: Comp5
Command: "/Users/liamhurt/code/CC-CppCourse/SlotMachine/build/slot_machine" "5"
Directory: /Users/liamhurt/code/CC-CppCourse/SlotMachine/build
"Comp5" start time: Mar 29 23:37 PDT
Output:
----------------------------------------------------------
The square root of 5 is 2.23607
<end of output>
Test time =   0.00 sec
----------------------------------------------------------
Test Pass Reason:
Required regular expression found.Regex=[5 is 2.236
]
"Comp5" end time: Mar 29 23:37 PDT
"Comp5" time elapsed: 00:00:00
----------------------------------------------------------

6/9 Testing: Comp7
6/9 Test: Comp7
Command: "/Users/liamhurt/code/CC-CppCourse/SlotMachine/build/slot_machine" "7"
Directory: /Users/liamhurt/code/CC-CppCourse/SlotMachine/build
"Comp7" start time: Mar 29 23:37 PDT
Output:
----------------------------------------------------------
The square root of 7 is 2.64575
<end of output>
Test time =   0.00 sec
----------------------------------------------------------
Test Pass Reason:
Required regular expression found.Regex=[7 is 2.645
]
"Comp7" end time: Mar 29 23:37 PDT
"Comp7" time elapsed: 00:00:00
----------------------------------------------------------

7/9 Testing: Comp25
7/9 Test: Comp25
Command: "/Users/liamhurt/code/CC-CppCourse/SlotMachine/build/slot_machine" "25"
Directory: /Users/liamhurt/code/CC-CppCourse/SlotMachine/build
"Comp25" start time: Mar 29 23:37 PDT
Output:
----------------------------------------------------------
The square root of 25 is 5
<end of output>
Test time =   0.00 sec
----------------------------------------------------------
Test Pass Reason:
Required regular expression found.Regex=[25 is 5
]
"Comp25" end time: Mar 29 23:37 PDT
"Comp25" time elapsed: 00:00:00
----------------------------------------------------------

8/9 Testing: Comp-25
8/9 Test: Comp-25
Command: "/Users/liamhurt/code/CC-CppCourse/SlotMachine/build/slot_machine" "-25"
Directory: /Users/liamhurt/code/CC-CppCourse/SlotMachine/build
"Comp-25" start time: Mar 29 23:37 PDT
Output:
----------------------------------------------------------
The square root of -25 is nan
<end of output>
Test time =   0.00 sec
----------------------------------------------------------
Test Pass Reason:
Required regular expression found.Regex=[-25 is [-nan|nan|0]
]
"Comp-25" end time: Mar 29 23:37 PDT
"Comp-25" time elapsed: 00:00:00
----------------------------------------------------------

9/9 Testing: Comp0.0001
9/9 Test: Comp0.0001
Command: "/Users/liamhurt/code/CC-CppCourse/SlotMachine/build/slot_machine" "0.0001"
Directory: /Users/liamhurt/code/CC-CppCourse/SlotMachine/build
"Comp0.0001" start time: Mar 29 23:37 PDT
Output:
----------------------------------------------------------
The square root of 0.0001 is 0.01
<end of output>
Test time =   0.00 sec
----------------------------------------------------------
Test Pass Reason:
Required regular expression found.Regex=[0.0001 is 0.01
]
"Comp0.0001" end time: Mar 29 23:37 PDT
"Comp0.0001" time elapsed: 00:00:00
----------------------------------------------------------

End testing: Mar 29 23:37 PDT
